1-M-HER001_S94_L004_R1_001.fastq.gz
1-M-HER001_S94_L004_R2_001.fastq.gz
10-M-HER010_S102_L004_R1_001.fastq.gz
10-M-HER010_S102_L004_R2_001.fastq.gz
11-M-HER011_S57_L004_R1_001.fastq.gz
11-M-HER011_S57_L004_R2_001.fastq.gz
12-M-HER012_S64_L004_R1_001.fastq.gz
12-M-HER012_S64_L004_R2_001.fastq.gz
13-M-HER013_S71_L004_R1_001.fastq.gz
13-M-HER013_S71_L004_R2_001.fastq.gz
14-M-HER014_S77_L004_R1_001.fastq.gz
14-M-HER014_S77_L004_R2_001.fastq.gz
15-M-HER015_S83_L004_R1_001.fastq.gz
15-M-HER015_S83_L004_R2_001.fastq.gz
16-M-HER016_S89_L004_R1_001.fastq.gz
16-M-HER016_S89_L004_R2_001.fastq.gz
17-M-HER017_S96_L004_R1_001.fastq.gz
17-M-HER017_S96_L004_R2_001.fastq.gz
18-M-HER018_S103_L004_R1_001.fastq.gz
18-M-HER018_S103_L004_R2_001.fastq.gz
19-M-HER019_S58_L004_R1_001.fastq.gz
19-M-HER019_S58_L004_R2_001.fastq.gz
2-M-HER002_S101_L004_R1_001.fastq.gz
2-M-HER002_S101_L004_R2_001.fastq.gz
20-M-HER020_S65_L004_R1_001.fastq.gz
20-M-HER020_S65_L004_R2_001.fastq.gz
21-M-HER021_S72_L004_R1_001.fastq.gz
21-M-HER021_S72_L004_R2_001.fastq.gz
22-M-HER022_S78_L004_R1_001.fastq.gz
22-M-HER022_S78_L004_R2_001.fastq.gz
23-M-HER023_S84_L004_R1_001.fastq.gz
23-M-HER023_S84_L004_R2_001.fastq.gz
24-M-HER024_S90_L004_R1_001.fastq.gz
24-M-HER024_S90_L004_R2_001.fastq.gz
25-M-HER025_S97_L004_R1_001.fastq.gz
25-M-HER025_S97_L004_R2_001.fastq.gz
26-M-HER026_S104_L004_R1_001.fastq.gz
26-M-HER026_S104_L004_R2_001.fastq.gz
27-M-HER027_S59_L004_R1_001.fastq.gz
27-M-HER027_S59_L004_R2_001.fastq.gz
28-M-HER028_S66_L004_R1_001.fastq.gz
28-M-HER028_S66_L004_R2_001.fastq.gz
29-M-HER029_S73_L004_R1_001.fastq.gz
29-M-HER029_S73_L004_R2_001.fastq.gz
3-M-HER003_S56_L004_R1_001.fastq.gz
3-M-HER003_S56_L004_R2_001.fastq.gz
30-M-HER030_S79_L004_R1_001.fastq.gz
30-M-HER030_S79_L004_R2_001.fastq.gz
31-M-HER034_S85_L004_R1_001.fastq.gz
31-M-HER034_S85_L004_R2_001.fastq.gz
32-M-HER035_S91_L004_R1_001.fastq.gz
32-M-HER035_S91_L004_R2_001.fastq.gz
33-M-HER036_S98_L004_R1_001.fastq.gz
33-M-HER036_S98_L004_R2_001.fastq.gz
34-M-HER037_S105_L004_R1_001.fastq.gz
34-M-HER037_S105_L004_R2_001.fastq.gz
35-M-HER038_S60_L004_R1_001.fastq.gz
35-M-HER038_S60_L004_R2_001.fastq.gz
36-M-HER039_S67_L004_R1_001.fastq.gz
36-M-HER039_S67_L004_R2_001.fastq.gz
37-M-HER045_S74_L004_R1_001.fastq.gz
37-M-HER045_S74_L004_R2_001.fastq.gz
38-M-HER046_S80_L004_R1_001.fastq.gz
38-M-HER046_S80_L004_R2_001.fastq.gz
39-HER111E1bL2_S39_L001_R1_001.fastq.gz
39-HER111E1bL2_S39_L001_R2_001.fastq.gz
39-M-HER052_S86_L004_R1_001.fastq.gz
39-M-HER052_S86_L004_R2_001.fastq.gz
40-HER113E1bL2_S40_L001_R1_001.fastq.gz
40-HER113E1bL2_S40_L001_R2_001.fastq.gz
40-M-HER053_S92_L004_R1_001.fastq.gz
40-M-HER053_S92_L004_R2_001.fastq.gz
41-M-HER054_S99_L004_R1_001.fastq.gz
41-M-HER054_S99_L004_R2_001.fastq.gz
42-M-HER055_S106_L004_R1_001.fastq.gz
42-M-HER055_S106_L004_R2_001.fastq.gz
43-M-HER056_S61_L004_R1_001.fastq.gz
43-M-HER056_S61_L004_R2_001.fastq.gz
44-M-HER057_S68_L004_R1_001.fastq.gz
44-M-HER057_S68_L004_R2_001.fastq.gz
45-M-HER058_S75_L004_R1_001.fastq.gz
45-M-HER058_S75_L004_R2_001.fastq.gz
46-M-HER059_S81_L004_R1_001.fastq.gz
46-M-HER059_S81_L004_R2_001.fastq.gz
47-M-HER061_S87_L004_R1_001.fastq.gz
47-M-HER061_S87_L004_R2_001.fastq.gz
48-M-HER062_S93_L004_R1_001.fastq.gz
48-M-HER062_S93_L004_R2_001.fastq.gz
49-M-HER063_S100_L004_R1_001.fastq.gz
49-M-HER063_S100_L004_R2_001.fastq.gz
5-M-HER005_S70_L004_R1_001.fastq.gz
5-M-HER005_S70_L004_R2_001.fastq.gz
50-M-HER064_S107_L004_R1_001.fastq.gz
50-M-HER064_S107_L004_R2_001.fastq.gz
51-M-HER065_S55_L004_R1_001.fastq.gz
51-M-HER065_S55_L004_R2_001.fastq.gz
52-M-HER066_S62_L004_R1_001.fastq.gz
52-M-HER066_S62_L004_R2_001.fastq.gz
53-M-HER044_S69_L004_R1_001.fastq.gz
53-M-HER044_S69_L004_R2_001.fastq.gz
6-M-HER006_S76_L004_R1_001.fastq.gz
6-M-HER006_S76_L004_R2_001.fastq.gz
7-M-HER007_S82_L004_R1_001.fastq.gz
7-M-HER007_S82_L004_R2_001.fastq.gz
8-M-HER008_S88_L004_R1_001.fastq.gz
8-M-HER008_S88_L004_R2_001.fastq.gz
9-M-HER009_S95_L004_R1_001.fastq.gz
9-M-HER009_S95_L004_R2_001.fastq.gz
CB0NEANXX_HER001E1bL2_ATGCCGC_L003_R1_001.fastq.gz
CB0NEANXX_HER001E1bL2_ATGCCGC_L003_R2_001.fastq.gz
CB0NEANXX_HER002E1bL2_CAGTACT_L003_R1_001.fastq.gz
CB0NEANXX_HER002E1bL2_CAGTACT_L003_R2_001.fastq.gz
CB0NEANXX_HER003E1bL2_AATAGTA_L001_R1_001.fastq.gz
CB0NEANXX_HER003E1bL2_AATAGTA_L001_R2_001.fastq.gz
CB0NEANXX_HER003E1bL2_AATAGTA_L002_R1_001.fastq.gz
CB0NEANXX_HER003E1bL2_AATAGTA_L002_R2_001.fastq.gz
CB0NEANXX_HER003E1bL2_AATAGTA_L003_R1_001.fastq.gz
CB0NEANXX_HER003E1bL2_AATAGTA_L003_R2_001.fastq.gz
CB0NEANXX_HER004E1bL2_CATCCGG_L001_R1_001.fastq.gz
CB0NEANXX_HER004E1bL2_CATCCGG_L001_R2_001.fastq.gz
CB0NEANXX_HER004E1bL2_CATCCGG_L002_R1_001.fastq.gz
CB0NEANXX_HER004E1bL2_CATCCGG_L002_R2_001.fastq.gz
CB0NEANXX_HER004E1bL2_CATCCGG_L003_R1_001.fastq.gz
CB0NEANXX_HER004E1bL2_CATCCGG_L003_R2_001.fastq.gz
CB0NEANXX_HER005E1bL2_TCATGGT_L003_R1_001.fastq.gz
CB0NEANXX_HER005E1bL2_TCATGGT_L003_R2_001.fastq.gz
CB0NEANXX_HER006E1bL2_AGAACCG_L003_R1_001.fastq.gz
CB0NEANXX_HER006E1bL2_AGAACCG_L003_R2_001.fastq.gz
CB0NEANXX_HER007E1bL2_TGGAATA_L003_R1_001.fastq.gz
CB0NEANXX_HER007E1bL2_TGGAATA_L003_R2_001.fastq.gz
CB0NEANXX_HER008E1bL2_CAGGAGG_L003_R1_001.fastq.gz
CB0NEANXX_HER008E1bL2_CAGGAGG_L003_R2_001.fastq.gz
CB0NEANXX_HER009E1bL2_AATACCT_L003_R1_001.fastq.gz
CB0NEANXX_HER009E1bL2_AATACCT_L003_R2_001.fastq.gz
CB1KKANXX_HER001E1bL1_AACTAGA_L003_R1_001.fastq.gz
CB1KKANXX_HER001E1bL1_AACTAGA_L003_R2_001.fastq.gz
CB1KKANXX_HER002E1bL1_CTATGGC_L003_R1_001.fastq.gz
CB1KKANXX_HER002E1bL1_CTATGGC_L003_R2_001.fastq.gz
CB1KKANXX_HER003E1bL1_CGACGGT_L003_R1_001.fastq.gz
CB1KKANXX_HER003E1bL1_CGACGGT_L003_R2_001.fastq.gz
CB1KKANXX_HER004E1bL1_AACCAAG_L003_R1_001.fastq.gz
CB1KKANXX_HER004E1bL1_AACCAAG_L003_R2_001.fastq.gz
CB1KKANXX_HER005E1bL1_CGGCGTA_L003_R1_001.fastq.gz
CB1KKANXX_HER005E1bL1_CGGCGTA_L003_R2_001.fastq.gz
CB1KKANXX_HER006E1bL1_GCAGTCC_L003_R1_001.fastq.gz
CB1KKANXX_HER006E1bL1_GCAGTCC_L003_R2_001.fastq.gz
CB1KKANXX_HER007E1bL1_CTCGCGC_L003_R1_001.fastq.gz
CB1KKANXX_HER007E1bL1_CTCGCGC_L003_R2_001.fastq.gz
CB1KKANXX_HER008E1bL1_TACTTAG_L003_R1_001.fastq.gz
CB1KKANXX_HER008E1bL1_TACTTAG_L003_R2_001.fastq.gz
CB1KKANXX_HER009E1bL1_AAGCTAA_L003_R1_001.fastq.gz
CB1KKANXX_HER009E1bL1_AAGCTAA_L003_R2_001.fastq.gz
CBVGRANXX_HER002E1bL2_CAGTACT_L008_R1_001.fastq.gz
CBVGRANXX_HER002E1bL2_CAGTACT_L008_R2_001.fastq.gz
CBVGRANXX_HER005E1bL2_TCATGGT_L008_R1_001.fastq.gz
CBVGRANXX_HER005E1bL2_TCATGGT_L008_R2_001.fastq.gz
CBVGRANXX_HER007E1bL2_TGGAATA_L008_R1_001.fastq.gz
CBVGRANXX_HER007E1bL2_TGGAATA_L008_R2_001.fastq.gz
CBVGRANXX_HER008E1bL2_CAGGAGG_L008_R1_001.fastq.gz
CBVGRANXX_HER008E1bL2_CAGGAGG_L008_R2_001.fastq.gz
CBVGRANXX_HER009E1bL2_AATACCT_L008_R1_001.fastq.gz
CBVGRANXX_HER009E1bL2_AATACCT_L008_R2_001.fastq.gz
ERR13363177_1.fastq.gz
ERR13363177_2.fastq.gz
ERR13363178_1.fastq.gz
ERR13363178_2.fastq.gz
ERR13363179_1.fastq.gz
ERR13363179_2.fastq.gz
ERR13363180_1.fastq.gz
ERR13363180_2.fastq.gz
ERR13363181_1.fastq.gz
ERR13363181_2.fastq.gz
ERR13363182_1.fastq.gz
ERR13363182_2.fastq.gz
ERR13363183_1.fastq.gz
ERR13363183_2.fastq.gz
ERR13363184_1.fastq.gz
ERR13363184_2.fastq.gz
ERR13363185_1.fastq.gz
ERR13363185_2.fastq.gz
ERR13363186_1.fastq.gz
ERR13363186_2.fastq.gz
ERR13363187_1.fastq.gz
ERR13363187_2.fastq.gz
ERR13363188_1.fastq.gz
ERR13363188_2.fastq.gz
ERR13363189_1.fastq.gz
ERR13363189_2.fastq.gz
ERR13363190_1.fastq.gz
ERR13363190_2.fastq.gz
ERR13363191_1.fastq.gz
ERR13363191_2.fastq.gz
ERR13363192_1.fastq.gz
ERR13363192_2.fastq.gz
ERR13363193_1.fastq.gz
ERR13363193_2.fastq.gz
ERR13363194_1.fastq.gz
ERR13363194_2.fastq.gz
ERR13363195_1.fastq.gz
ERR13363195_2.fastq.gz
ERR13363196_1.fastq.gz
ERR13363196_2.fastq.gz
ERR13363197_1.fastq.gz
ERR13363197_2.fastq.gz
ERR13363198_1.fastq.gz
ERR13363198_2.fastq.gz
ERR13363199_1.fastq.gz
ERR13363199_2.fastq.gz
ERR13363200_1.fastq.gz
ERR13363200_2.fastq.gz
ERR13363201_1.fastq.gz
ERR13363201_2.fastq.gz
ERR13363202_1.fastq.gz
ERR13363202_2.fastq.gz
ERR13363203_1.fastq.gz
ERR13363203_2.fastq.gz
ERR13363204_1.fastq.gz
ERR13363204_2.fastq.gz
ERR13363205_1.fastq.gz
ERR13363205_2.fastq.gz
ERR13363206_1.fastq.gz
ERR13363206_2.fastq.gz
ERR13363207_1.fastq.gz
ERR13363207_2.fastq.gz
ERR13363208_1.fastq.gz
ERR13363208_2.fastq.gz
ERR13363209_1.fastq.gz
ERR13363209_2.fastq.gz
ERR13363210_1.fastq.gz
ERR13363210_2.fastq.gz
ERR13363211_1.fastq.gz
ERR13363211_2.fastq.gz
ERR13363212_1.fastq.gz
ERR13363212_2.fastq.gz
ERR13363213_1.fastq.gz
ERR13363213_2.fastq.gz
ERR13363214_1.fastq.gz
ERR13363214_2.fastq.gz
ERR13363215_1.fastq.gz
ERR13363215_2.fastq.gz
ERR13363216_1.fastq.gz
ERR13363216_2.fastq.gz
ERR13363217_1.fastq.gz
ERR13363217_2.fastq.gz
ERR13363218_1.fastq.gz
ERR13363218_2.fastq.gz
ERR13363219_1.fastq.gz
ERR13363219_2.fastq.gz
ERR13363220_1.fastq.gz
ERR13363220_2.fastq.gz
ERR13363221_1.fastq.gz
ERR13363221_2.fastq.gz
ERR13363222_1.fastq.gz
ERR13363222_2.fastq.gz
ERR13363223_1.fastq.gz
ERR13363223_2.fastq.gz
ERR13363224_1.fastq.gz
ERR13363224_2.fastq.gz
ERR13363225_1.fastq.gz
ERR13363225_2.fastq.gz
ERR13363226_1.fastq.gz
ERR13363226_2.fastq.gz
ERR13363227_1.fastq.gz
ERR13363227_2.fastq.gz
ERR13363228_1.fastq.gz
ERR13363228_2.fastq.gz
ERR13363229_1.fastq.gz
ERR13363229_2.fastq.gz
ERR13363230_1.fastq.gz
ERR13363230_2.fastq.gz
ERR13363231_1.fastq.gz
ERR13363231_2.fastq.gz
ERR13363232_1.fastq.gz
ERR13363232_2.fastq.gz
ERR13363233_1.fastq.gz
ERR13363233_2.fastq.gz
ERR13363234_1.fastq.gz
ERR13363234_2.fastq.gz
ERR13363235_1.fastq.gz
ERR13363235_2.fastq.gz
ERR13363236_1.fastq.gz
ERR13363236_2.fastq.gz
ERR13363237_1.fastq.gz
ERR13363237_2.fastq.gz
ERR13363238_1.fastq.gz
ERR13363238_2.fastq.gz
ERR13363239_1.fastq.gz
ERR13363239_2.fastq.gz
ERR13363240_1.fastq.gz
ERR13363240_2.fastq.gz
ERR13363241_1.fastq.gz
ERR13363241_2.fastq.gz
ERR13363242_1.fastq.gz
ERR13363242_2.fastq.gz
ERR13363243_1.fastq.gz
ERR13363243_2.fastq.gz
ERR13363244_1.fastq.gz
ERR13363244_2.fastq.gz
ERR13363245_1.fastq.gz
ERR13363245_2.fastq.gz
ERR13363246_1.fastq.gz
ERR13363246_2.fastq.gz
ERR13363247_1.fastq.gz
ERR13363247_2.fastq.gz
ERR13363248_1.fastq.gz
ERR13363248_2.fastq.gz
ERR13363249_1.fastq.gz
ERR13363249_2.fastq.gz
ERR13363250_1.fastq.gz
ERR13363250_2.fastq.gz
ERR13363251_1.fastq.gz
ERR13363251_2.fastq.gz
ERR13363252_1.fastq.gz
ERR13363252_2.fastq.gz
ERR13363253_1.fastq.gz
ERR13363253_2.fastq.gz
ERR13363254_1.fastq.gz
ERR13363254_2.fastq.gz
ERR13363255_1.fastq.gz
ERR13363255_2.fastq.gz
ERR13363256_1.fastq.gz
ERR13363256_2.fastq.gz
ERR13363257_1.fastq.gz
ERR13363257_2.fastq.gz
ERR13363258_1.fastq.gz
ERR13363258_2.fastq.gz
ERR13363259_1.fastq.gz
ERR13363259_2.fastq.gz
ERR13363260_1.fastq.gz
ERR13363260_2.fastq.gz
ERR13363261_1.fastq.gz
ERR13363261_2.fastq.gz
HER036E1bL2_S57_L002_R1_001.fastq.gz
HER036E1bL2_S57_L002_R2_001.fastq.gz
HER036E1bL3_S6_L001_R1_001.fastq.gz
HER036E1bL3_S6_L001_R2_001.fastq.gz
HER036E1bL4_S17_L001_R1_001.fastq.gz
HER036E1bL4_S17_L001_R2_001.fastq.gz
HER037E1bL3_S7_L001_R1_001.fastq.gz
HER037E1bL3_S7_L001_R2_001.fastq.gz
HER037E1bL4_S18_L001_R1_001.fastq.gz
HER037E1bL4_S18_L001_R2_001.fastq.gz
HER038E1bL1_S2_L001_R1_001.fastq.gz
HER038E1bL1_S2_L001_R2_001.fastq.gz
HER038E1bL2_S3_L001_R1_001.fastq.gz
HER038E1bL2_S3_L001_R2_001.fastq.gz
HER038E1bL3_S8_L001_R1_001.fastq.gz
HER038E1bL3_S8_L001_R2_001.fastq.gz
HER038E1bL4_S19_L001_R1_001.fastq.gz
HER038E1bL4_S19_L001_R2_001.fastq.gz
HER039E1bL2_S1_L003_R1_001.fastq.gz
HER039E1bL2_S1_L003_R2_001.fastq.gz
HER039E1bL3_S1_L002_R1_001.fastq.gz
HER039E1bL3_S1_L002_R2_001.fastq.gz
HER039E1bL3_S4_L001_R1_001.fastq.gz
HER039E1bL3_S4_L001_R2_001.fastq.gz
HER040E1bL2_S58_L002_R1_001.fastq.gz
HER040E1bL2_S58_L002_R2_001.fastq.gz
HER041E1bL2_S59_L002_R1_001.fastq.gz
HER041E1bL2_S59_L002_R2_001.fastq.gz
HER041E1bL2_S5_L001_R1_001.fastq.gz
HER041E1bL2_S5_L001_R2_001.fastq.gz
HER042E1bL2_S60_L002_R1_001.fastq.gz
HER042E1bL2_S60_L002_R2_001.fastq.gz
HER042E1bL2_S6_L001_R1_001.fastq.gz
HER042E1bL2_S6_L001_R2_001.fastq.gz
HER043E1bL2_S61_L002_R1_001.fastq.gz
HER043E1bL2_S61_L002_R2_001.fastq.gz
HER043E1bL2_S7_L001_R1_001.fastq.gz
HER043E1bL2_S7_L001_R2_001.fastq.gz
HER044E1bL2_S62_L002_R1_001.fastq.gz
HER044E1bL2_S62_L002_R2_001.fastq.gz
HER045E1bL2_S8_L001_R1_001.fastq.gz
HER045E1bL2_S8_L001_R2_001.fastq.gz
HER045E1bL3_S9_L001_R1_001.fastq.gz
HER045E1bL3_S9_L001_R2_001.fastq.gz
HER045E1bL4_S20_L001_R1_001.fastq.gz
HER045E1bL4_S20_L001_R2_001.fastq.gz
HER046E1bL2_S9_L001_R1_001.fastq.gz
HER046E1bL2_S9_L001_R2_001.fastq.gz
HER047E1bL1_S10_L001_R1_001.fastq.gz
HER047E1bL1_S10_L001_R2_001.fastq.gz
HER047E1bL3_S10_L001_R1_001.fastq.gz
HER047E1bL3_S10_L001_R2_001.fastq.gz
HER047E1bL4_S21_L001_R1_001.fastq.gz
HER047E1bL4_S21_L001_R2_001.fastq.gz
HER050E1bL1_S63_L002_R1_001.fastq.gz
HER050E1bL1_S63_L002_R2_001.fastq.gz
HER051E1bL1_S11_L001_R1_001.fastq.gz
HER051E1bL1_S11_L001_R2_001.fastq.gz
HER051E1bL3_S11_L001_R1_001.fastq.gz
HER051E1bL3_S11_L001_R2_001.fastq.gz
HER052E1bL2_S64_L002_R1_001.fastq.gz
HER052E1bL2_S64_L002_R2_001.fastq.gz
HER054E1bL2_S65_L002_R1_001.fastq.gz
HER054E1bL2_S65_L002_R2_001.fastq.gz
HER055E1bL2_S66_L002_R1_001.fastq.gz
HER055E1bL2_S66_L002_R2_001.fastq.gz
HER056E1bL1_S12_L001_R1_001.fastq.gz
HER056E1bL1_S12_L001_R2_001.fastq.gz
HER056E1bL2_S67_L002_R1_001.fastq.gz
HER056E1bL2_S67_L002_R2_001.fastq.gz
HER056E1bL3_S12_L001_R1_001.fastq.gz
HER056E1bL3_S12_L001_R2_001.fastq.gz
HER056E1bL4_S22_L001_R1_001.fastq.gz
HER056E1bL4_S22_L001_R2_001.fastq.gz
HER057E1bL2_S68_L002_R1_001.fastq.gz
HER057E1bL2_S68_L002_R2_001.fastq.gz
HER059E1bL2_S13_L001_R1_001.fastq.gz
HER059E1bL2_S13_L001_R2_001.fastq.gz
HER059E1bL3_S70_L002_R1_001.fastq.gz
HER059E1bL3_S70_L002_R2_001.fastq.gz
HER110E1bL2_S14_L002_R1_001.fastq.gz
HER110E1bL2_S14_L002_R2_001.fastq.gz
HER110E1bL2_S19_L001_R1_001.fastq.gz
HER110E1bL2_S19_L001_R2_001.fastq.gz
HER112E1bL2_S15_L002_R1_001.fastq.gz
HER112E1bL2_S15_L002_R2_001.fastq.gz
HER112E1bL2_S20_L001_R1_001.fastq.gz
HER112E1bL2_S20_L001_R2_001.fastq.gz
HER114E1bL2_S16_L002_R1_001.fastq.gz
HER114E1bL2_S16_L002_R2_001.fastq.gz
HER115E1bL2_S17_L002_R1_001.fastq.gz
HER115E1bL2_S17_L002_R2_001.fastq.gz
HER116E1bL2_S18_L002_R1_001.fastq.gz
HER116E1bL2_S18_L002_R2_001.fastq.gz
HER117E1bL2_S19_L002_R1_001.fastq.gz
HER117E1bL2_S19_L002_R2_001.fastq.gz
HER118E1bL2_S15_L002_R1_001.fastq.gz
HER118E1bL2_S15_L002_R2_001.fastq.gz
HER118E1bL2_S20_L002_R1_001.fastq.gz
HER118E1bL2_S20_L002_R2_001.fastq.gz
HER118E1bL2_S21_L001_R1_001.fastq.gz
HER118E1bL2_S21_L001_R2_001.fastq.gz
HER118E1bL2_S21_L002_R1_001.fastq.gz
HER118E1bL2_S21_L002_R2_001.fastq.gz
HER118E1bL2_S4_L003_R1_001.fastq.gz
HER118E1bL2_S4_L003_R2_001.fastq.gz
HHKV5BBXY_43-HER036E1bL1_TAATCAT-CTCAGAT_L004_R1_001.fastq.gz
HHKV5BBXY_43-HER036E1bL1_TAATCAT-CTCAGAT_L004_R2_001.fastq.gz
HHKV5BBXY_44-HER038E1bL1_GACGATT-ACCGCTC_L004_R1_001.fastq.gz
HHKV5BBXY_44-HER038E1bL1_GACGATT-ACCGCTC_L004_R2_001.fastq.gz
HHKV5BBXY_45-HER039E1bL1_TAGGCCG-AACTGAC_L004_R1_001.fastq.gz
HHKV5BBXY_45-HER039E1bL1_TAGGCCG-AACTGAC_L004_R2_001.fastq.gz
HHKV5BBXY_46-HER042E1bL1_TTAACTC-GATTAGG_L004_R1_001.fastq.gz
HHKV5BBXY_46-HER042E1bL1_TTAACTC-GATTAGG_L004_R2_001.fastq.gz
HHKV5BBXY_47-HER046E1bL1_AGCCTTG-GGCTAGC_L004_R1_001.fastq.gz
HHKV5BBXY_47-HER046E1bL1_AGCCTTG-GGCTAGC_L004_R2_001.fastq.gz
HHKV5BBXY_48-HER047E1bL1_CCAACCT-CCATGAG_L004_R1_001.fastq.gz
HHKV5BBXY_48-HER047E1bL1_CCAACCT-CCATGAG_L004_R2_001.fastq.gz
HHKV5BBXY_49-HER051E1bL1_TTCTAGG-ATACGCG_L004_R1_001.fastq.gz
HHKV5BBXY_49-HER051E1bL1_TTCTAGG-ATACGCG_L004_R2_001.fastq.gz
HHKV5BBXY_50-HER052E1bL1_CCTCTAG-GACGTAC_L004_R1_001.fastq.gz
HHKV5BBXY_50-HER052E1bL1_CCTCTAG-GACGTAC_L004_R2_001.fastq.gz
HHKV5BBXY_51-HER055E1bL1_AACGACC-AGACCAT_L004_R1_001.fastq.gz
HHKV5BBXY_51-HER055E1bL1_AACGACC-AGACCAT_L004_R2_001.fastq.gz
HHKV5BBXY_52-HER056E1bL1_CCAGCGG-TCCGAAC_L004_R1_001.fastq.gz
HHKV5BBXY_52-HER056E1bL1_CCAGCGG-TCCGAAC_L004_R2_001.fastq.gz
HHKV5BBXY_53-HER057E1bL1_TAGTTCC-GAGGTTG_L004_R1_001.fastq.gz
HHKV5BBXY_53-HER057E1bL1_TAGTTCC-GAGGTTG_L004_R2_001.fastq.gz
HL2H3BBXY_HER001E1bL3_TACTTAG-ACCTCGT_L007_R1_001.fastq.gz
HL2H3BBXY_HER001E1bL3_TACTTAG-ACCTCGT_L007_R2_001.fastq.gz
HL2H3BBXY_HER002E1bL3_AAGCTAA-AGCTTAT_L007_R1_001.fastq.gz
HL2H3BBXY_HER002E1bL3_AAGCTAA-AGCTTAT_L007_R2_001.fastq.gz
HL2H3BBXY_HER003E1bL3_GACGGCG-GCGATCT_L007_R1_001.fastq.gz
HL2H3BBXY_HER003E1bL3_GACGGCG-GCGATCT_L007_R2_001.fastq.gz
HL2H3BBXY_HER004E1bL3_AGAAGAC-CTCCAGT_L007_R1_001.fastq.gz
HL2H3BBXY_HER004E1bL3_AGAAGAC-CTCCAGT_L007_R2_001.fastq.gz
HL2H3BBXY_HER005E1bL3_GTCCGGC-GAACTTA_L007_R1_001.fastq.gz
HL2H3BBXY_HER005E1bL3_GTCCGGC-GAACTTA_L007_R2_001.fastq.gz
HL2H3BBXY_HER006E1bL3_TCAGCTT-CCAATAA_L007_R1_001.fastq.gz
HL2H3BBXY_HER006E1bL3_TCAGCTT-CCAATAA_L007_R2_001.fastq.gz
HL2H3BBXY_HER007E1bL3_AGAGCGC-AGGCGAG_L007_R1_001.fastq.gz
HL2H3BBXY_HER007E1bL3_AGAGCGC-AGGCGAG_L007_R2_001.fastq.gz
HL2H3BBXY_HER008E1bL3_GCCTACG-CTCAGAT_L007_R1_001.fastq.gz
HL2H3BBXY_HER008E1bL3_GCCTACG-CTCAGAT_L007_R2_001.fastq.gz
HL2H3BBXY_HER009E1bL3_TAATCAT-AAGACGA_L007_R1_001.fastq.gz
HL2H3BBXY_HER009E1bL3_TAATCAT-AAGACGA_L007_R2_001.fastq.gz
HL2H3BBXY_HER035E1bL2_CGAATGC-TTAATAG_L007_R1_001.fastq.gz
HL2H3BBXY_HER035E1bL2_CGAATGC-TTAATAG_L007_R2_001.fastq.gz
HL2H3BBXY_HER038E1bL2_GATCTCG-GATCGTC_L007_R1_001.fastq.gz
HL2H3BBXY_HER038E1bL2_GATCTCG-GATCGTC_L007_R2_001.fastq.gz
HL2H3BBXY_HER039E1bL2_CAATATG-ACGGCAG_L007_R1_001.fastq.gz
HL2H3BBXY_HER039E1bL2_CAATATG-ACGGCAG_L007_R2_001.fastq.gz
HL2H3BBXY_HER045E1bL2_TTCGCAA-CCGAAGC_L007_R1_001.fastq.gz
HL2H3BBXY_HER045E1bL2_TTCGCAA-CCGAAGC_L007_R2_001.fastq.gz
HL2H3BBXY_HER046E1bL2_AATTCAA-TCGTTAT_L007_R1_001.fastq.gz
HL2H3BBXY_HER046E1bL2_AATTCAA-TCGTTAT_L007_R2_001.fastq.gz
HL2H3BBXY_HER047E1bL2_CGCGCAG-GGCTCTG_L007_R1_001.fastq.gz
HL2H3BBXY_HER047E1bL2_CGCGCAG-GGCTCTG_L007_R2_001.fastq.gz
HL2H3BBXY_HER048E1bL2_AAGGTCT-CCAAGTC_L007_R1_001.fastq.gz
HL2H3BBXY_HER048E1bL2_AAGGTCT-CCAAGTC_L007_R2_001.fastq.gz
HL2H3BBXY_HER059E1bL2_ATGCCGC-CGGACGT_L007_R1_001.fastq.gz
HL2H3BBXY_HER059E1bL2_ATGCCGC-CGGACGT_L007_R2_001.fastq.gz
